{
  "timestamp": "2025-09-04T09:03:42.003Z",
  "testType": "Static Validation System Testing",
  "results": {
    "validJSX": {
      "isValid": true,
      "errorCount": 3,
      "processingTime": 89,
      "criticalErrors": 0,
      "report": "ğŸ” **Safe Validation Report: test-validJSX**\n\nâœ… **VALIDATION PASSED** - Safe to use\n\n**Validation Summary:**\nâ€¢ Syntax: âœ… Valid\nâ€¢ Variables: âœ… Complete\nâ€¢ Types: âŒ Issues\nâ€¢ Templates: âœ… Complete\nâ€¢ Remotion: âœ… Compatible\n\nâš ï¸ **High Priority** (3):\nâ€¢ Line 1: Cannot find module 'react' or its corresponding type declarations.\nâ€¢ Line 2: Cannot find module 'remotion' or its corresponding type declarations.\nâ€¢ Line 10: This JSX tag requires the module path 'react/jsx-runtime' to exist, but none could be found. Make sure you have types for the appropriate package installed.\n\n"
    },
    "syntaxError": {
      "isValid": false,
      "errorCount": 1,
      "processingTime": 1,
      "criticalErrors": 1,
      "report": "ğŸ” **Safe Validation Report: test-syntaxError**\n\nâŒ **VALIDATION FAILED** - 1 critical errors\n\n**Validation Summary:**\nâ€¢ Syntax: âŒ Errors\nâ€¢ Variables: âœ… Complete\nâ€¢ Types: âœ… Safe\nâ€¢ Templates: âœ… Complete\nâ€¢ Remotion: âœ… Compatible\n\nğŸš¨ **Critical Errors** (1):\nâ€¢ Line 8: JSX syntax error: Unterminated JSX contents. (8:19)\n\n"
    },
    "remotionError": {
      "isValid": false,
      "errorCount": 5,
      "processingTime": 36,
      "criticalErrors": 1,
      "report": "ğŸ” **Safe Validation Report: test-remotionError**\n\nâŒ **VALIDATION FAILED** - 1 critical errors\n\n**Validation Summary:**\nâ€¢ Syntax: âœ… Valid\nâ€¢ Variables: âœ… Complete\nâ€¢ Types: âŒ Issues\nâ€¢ Templates: âœ… Complete\nâ€¢ Remotion: âŒ Issues\n\nğŸš¨ **Critical Errors** (1):\nâ€¢ Line 6: interpolate() requires at least 3 arguments: frame, inputRange, outputRange\n\nâš ï¸ **High Priority** (4):\nâ€¢ Line 1: Cannot find module 'react' or its corresponding type declarations.\nâ€¢ Line 2: Cannot find module 'remotion' or its corresponding type declarations.\nâ€¢ Line 9: This JSX tag requires the module path 'react/jsx-runtime' to exist, but none could be found. Make sure you have types for the appropriate package installed.\nâ€¢ Line undefined: Using interpolate() but useCurrentFrame() not imported or called\n\nğŸ’¡ **Warnings** (1):\nâ€¢ Line 4: Variable 'VideoComposition' is declared but never used\n  ğŸ’¡ Remove unused variable or prefix with underscore: _VideoComposition\n\nğŸ¯ **Improvement Suggestions:**\nâ€¢ Consider using useCurrentFrame() for frame-based animations\n"
    },
    "variableError": {
      "isValid": false,
      "errorCount": 5,
      "processingTime": 35,
      "criticalErrors": 1,
      "report": "ğŸ” **Safe Validation Report: test-variableError**\n\nâŒ **VALIDATION FAILED** - 1 critical errors\n\n**Validation Summary:**\nâ€¢ Syntax: âœ… Valid\nâ€¢ Variables: âŒ Missing\nâ€¢ Types: âŒ Issues\nâ€¢ Templates: âœ… Complete\nâ€¢ Remotion: âœ… Compatible\n\nğŸš¨ **Critical Errors** (1):\nâ€¢ Line 9: Variable 'undefinedVariable' is not defined\n\nâš ï¸ **High Priority** (4):\nâ€¢ Line 1: Cannot find module 'react' or its corresponding type declarations.\nâ€¢ Line 2: Cannot find module 'remotion' or its corresponding type declarations.\nâ€¢ Line 8: This JSX tag requires the module path 'react/jsx-runtime' to exist, but none could be found. Make sure you have types for the appropriate package installed.\nâ€¢ Line 9: Cannot find name 'undefinedVariable'.\n\nğŸ’¡ **Warnings** (2):\nâ€¢ Line 4: Variable 'VideoComposition' is declared but never used\n  ğŸ’¡ Remove unused variable or prefix with underscore: _VideoComposition\nâ€¢ Line 5: Variable 'unusedVariable' is declared but never used\n  ğŸ’¡ Remove unused variable or prefix with underscore: _unusedVariable\n\nğŸ¯ **Improvement Suggestions:**\nâ€¢ Consider using useCurrentFrame() for frame-based animations\n"
    }
  },
  "summary": {
    "accuracy": 100,
    "expectedFailures": 3,
    "actualFailures": 3,
    "avgProcessingTime": 40.25,
    "validationCorrect": 4
  },
  "security": {
    "staticAnalysisOnly": true,
    "noCodeExecution": true,
    "noEvalCalls": true
  },
  "completeness": {
    "astSyntax": true,
    "variableFlow": true,
    "typeChecking": true,
    "templateValidation": true,
    "remotionValidation": true
  }
}
